TN:
SF:src/template_method/filterMapAddReduce.ts
FN:4,FilterMapAddReduce
FN:8,reduce
FN:17,afterInitialisation
FN:20,afterfilter
FN:24,afterMap
FN:28,afterReduce
FNF:6
FNH:6
FNDA:2,FilterMapAddReduce
FNDA:1,reduce
FNDA:1,afterInitialisation
FNDA:1,afterfilter
FNDA:1,afterMap
FNDA:1,afterReduce
DA:1,1
DA:2,1
DA:3,1
DA:4,1
DA:5,2
DA:6,2
DA:7,1
DA:8,1
DA:9,1
DA:10,1
DA:11,2
DA:12,2
DA:13,1
DA:14,1
DA:15,1
DA:16,1
DA:17,1
DA:18,1
DA:19,1
DA:20,1
DA:21,1
DA:22,1
DA:23,1
DA:24,1
DA:25,1
DA:26,1
DA:27,1
DA:28,1
DA:29,1
DA:30,1
DA:31,1
LF:31
LH:31
BRDA:4,0,0,2
BRDA:8,1,0,1
BRDA:10,2,0,2
BRDA:17,3,0,1
BRDA:20,4,0,1
BRDA:24,5,0,1
BRDA:28,6,0,1
BRF:7
BRH:7
end_of_record
TN:
SF:src/template_method/filterMapReduce.ts
FN:2,<instance_members_initializer>
FN:6,FilterMapReduce
FN:10,setlist
FN:14,run
FN:33,filter
FN:33,filterFunction
FN:44,Map
FN:44,callback
FN:56,afterInitialisation
FN:57,afterfilter
FN:58,afterMap
FN:59,afterReduce
FNF:12
FNH:6
FNDA:4,<instance_members_initializer>
FNDA:4,FilterMapReduce
FNDA:6,setlist
FNDA:2,run
FNDA:2,filter
FNDA:0,filterFunction
FNDA:2,Map
FNDA:0,callback
FNDA:0,afterInitialisation
FNDA:0,afterfilter
FNDA:0,afterMap
FNDA:0,afterReduce
DA:1,1
DA:2,1
DA:3,4
DA:4,4
DA:5,4
DA:6,4
DA:7,4
DA:8,4
DA:9,4
DA:10,4
DA:11,6
DA:12,6
DA:13,4
DA:14,4
DA:15,2
DA:16,2
DA:17,2
DA:18,2
DA:19,2
DA:20,2
DA:21,2
DA:22,2
DA:23,2
DA:24,2
DA:25,2
DA:26,2
DA:27,2
DA:28,2
DA:29,2
DA:30,2
DA:31,4
DA:32,4
DA:33,4
DA:34,2
DA:35,2
DA:36,10
DA:37,4
DA:38,4
DA:39,10
DA:40,2
DA:41,2
DA:42,2
DA:43,4
DA:44,4
DA:45,2
DA:46,2
DA:47,4
DA:48,4
DA:49,2
DA:50,2
DA:51,2
DA:52,4
DA:53,4
DA:54,4
DA:55,4
DA:56,4
DA:57,4
DA:58,4
DA:59,4
DA:60,4
LF:60
LH:60
BRDA:2,0,0,4
BRDA:6,1,0,4
BRDA:10,2,0,6
BRDA:14,3,0,2
BRDA:18,4,0,10
BRDA:22,5,0,4
BRDA:33,6,0,2
BRDA:35,7,0,10
BRDA:36,8,0,4
BRDA:44,9,0,2
BRDA:46,10,0,4
BRF:11
BRH:11
end_of_record
TN:
SF:src/template_method/filterMapSubReduce.ts
FN:4,FilterMapSubReduce
FN:8,reduce
FN:17,afterInitialisation
FN:21,afterfilter
FN:25,afterMap
FN:29,afterReduce
FNF:6
FNH:6
FNDA:2,FilterMapSubReduce
FNDA:1,reduce
FNDA:1,afterInitialisation
FNDA:1,afterfilter
FNDA:1,afterMap
FNDA:1,afterReduce
DA:1,1
DA:2,1
DA:3,1
DA:4,1
DA:5,2
DA:6,2
DA:7,1
DA:8,1
DA:9,1
DA:10,1
DA:11,2
DA:12,2
DA:13,1
DA:14,1
DA:15,1
DA:16,1
DA:17,1
DA:18,1
DA:19,1
DA:20,1
DA:21,1
DA:22,1
DA:23,1
DA:24,1
DA:25,1
DA:26,1
DA:27,1
DA:28,1
DA:29,1
DA:30,1
DA:31,1
DA:32,1
LF:32
LH:32
BRDA:4,0,0,2
BRDA:8,1,0,1
BRDA:10,2,0,2
BRDA:17,3,0,1
BRDA:21,4,0,1
BRDA:25,5,0,1
BRDA:29,6,0,1
BRF:7
BRH:7
end_of_record
