TN:
SF:src/funkoApp/fileModifier.ts
FN:12,<static_initializer>
FN:13,FileModifier
FN:19,createUserDirectory
FN:28,createFunkoFile
FN:42,readFunkoFile
FN:66,updateFunkoFile
FN:78,deleteFunkoFile
FN:88,deleteUserDirectory
FN:101,checkFunkoId
FN:121,checkUserName
FN:134,getPathFromId
FN:152,listFunkos
FNF:12
FNH:11
FNDA:1,<static_initializer>
FNDA:0,FileModifier
FNDA:2,createUserDirectory
FNDA:1,createFunkoFile
FNDA:8,readFunkoFile
FNDA:1,updateFunkoFile
FNDA:1,deleteFunkoFile
FNDA:2,deleteUserDirectory
FNDA:2,checkFunkoId
FNDA:9,checkUserName
FNDA:2,getPathFromId
FNDA:1,listFunkos
DA:1,1
DA:2,1
DA:3,1
DA:4,1
DA:5,1
DA:6,1
DA:7,1
DA:8,1
DA:9,1
DA:10,1
DA:11,1
DA:12,1
DA:13,1
DA:14,1
DA:15,1
DA:16,1
DA:17,1
DA:18,1
DA:19,1
DA:20,2
DA:21,2
DA:22,1
DA:23,1
DA:24,1
DA:25,1
DA:26,1
DA:27,1
DA:28,1
DA:29,1
DA:30,1
DA:31,1
DA:32,1
DA:33,1
DA:34,1
DA:35,1
DA:36,1
DA:37,1
DA:38,1
DA:39,1
DA:40,1
DA:41,1
DA:42,1
DA:43,8
DA:44,8
DA:45,8
DA:46,8
DA:47,8
DA:48,8
DA:49,8
DA:50,8
DA:51,8
DA:52,8
DA:53,8
DA:54,8
DA:55,8
DA:56,8
DA:57,8
DA:58,8
DA:59,8
DA:60,1
DA:61,1
DA:62,1
DA:63,1
DA:64,1
DA:65,1
DA:66,1
DA:67,1
DA:68,1
DA:69,1
DA:70,1
DA:71,1
DA:72,1
DA:73,1
DA:74,1
DA:75,1
DA:76,1
DA:77,1
DA:78,1
DA:79,1
DA:80,1
DA:81,1
DA:82,1
DA:83,1
DA:84,1
DA:85,1
DA:86,1
DA:87,1
DA:88,1
DA:89,2
DA:90,2
DA:91,2
DA:92,2
DA:93,2
DA:94,1
DA:95,1
DA:96,1
DA:97,1
DA:98,1
DA:99,1
DA:100,1
DA:101,1
DA:102,2
DA:103,2
DA:104,0
DA:105,0
DA:106,2
DA:107,2
DA:108,2
DA:109,2
DA:110,1
DA:111,1
DA:112,2
DA:113,1
DA:114,1
DA:115,1
DA:116,1
DA:117,1
DA:118,1
DA:119,1
DA:120,1
DA:121,1
DA:122,9
DA:123,7
DA:124,7
DA:125,2
DA:126,2
DA:127,1
DA:128,1
DA:129,1
DA:130,1
DA:131,1
DA:132,1
DA:133,1
DA:134,1
DA:135,2
DA:136,2
DA:137,2
DA:138,2
DA:139,2
DA:140,1
DA:141,1
DA:142,1
DA:143,2
DA:144,1
DA:145,1
DA:146,1
DA:147,1
DA:148,1
DA:149,1
DA:150,1
DA:151,1
DA:152,1
DA:153,1
DA:154,1
DA:155,1
DA:156,1
LF:156
LH:154
BRDA:12,0,0,1
BRDA:19,1,0,2
BRDA:28,2,0,1
BRDA:42,3,0,8
BRDA:66,4,0,1
BRDA:78,5,0,1
BRDA:88,6,0,2
BRDA:101,7,0,2
BRDA:103,8,0,0
BRDA:109,9,0,1
BRDA:113,10,0,1
BRDA:121,11,0,9
BRDA:122,12,0,7
BRDA:125,13,0,2
BRDA:134,14,0,2
BRDA:139,15,0,1
BRDA:144,16,0,1
BRDA:152,17,0,1
BRF:18
BRH:17
end_of_record
TN:
SF:src/funkoApp/funko.ts
FN:7,<instance_members_initializer>
FN:23,Funko
FN:132,getId
FN:138,setId
FN:150,getName
FN:156,setName
FN:168,getDescription
FN:174,setDescription
FN:185,getType
FN:191,setType
FN:203,getGenre
FN:209,setGenre
FN:221,getFranchise
FN:227,setFranchise
FN:239,getFranchiseId
FN:245,setFranchiseId
FN:256,getExclusive
FN:262,setExclusive
FN:274,getSpecialCaracteristics
FN:280,setSpecialCaracteristics
FN:291,getValue
FN:297,setValue
FN:309,print
FNF:23
FNH:22
FNDA:39,<instance_members_initializer>
FNDA:39,Funko
FNDA:9,getId
FNDA:3,setId
FNDA:6,getName
FNDA:2,setName
FNDA:6,getDescription
FNDA:2,setDescription
FNDA:6,getType
FNDA:2,setType
FNDA:6,getGenre
FNDA:2,setGenre
FNDA:6,getFranchise
FNDA:2,setFranchise
FNDA:6,getFranchiseId
FNDA:3,setFranchiseId
FNDA:6,getExclusive
FNDA:1,setExclusive
FNDA:6,getSpecialCaracteristics
FNDA:2,setSpecialCaracteristics
FNDA:8,getValue
FNDA:2,setValue
FNDA:0,print
DA:1,1
DA:2,1
DA:3,1
DA:4,1
DA:5,1
DA:6,1
DA:7,1
DA:8,39
DA:9,39
DA:10,39
DA:11,39
DA:12,39
DA:13,39
DA:14,39
DA:15,39
DA:16,39
DA:17,39
DA:18,39
DA:19,39
DA:20,39
DA:21,39
DA:22,39
DA:23,39
DA:24,39
DA:25,39
DA:26,39
DA:27,39
DA:28,39
DA:29,39
DA:30,39
DA:31,39
DA:32,39
DA:33,39
DA:34,39
DA:35,39
DA:36,39
DA:37,0
DA:38,0
DA:39,39
DA:40,39
DA:41,0
DA:42,0
DA:43,39
DA:44,39
DA:45,0
DA:46,0
DA:47,39
DA:48,39
DA:49,0
DA:50,0
DA:51,39
DA:52,39
DA:53,39
DA:54,1
DA:55,1
DA:56,38
DA:57,39
DA:58,0
DA:59,0
DA:60,38
DA:61,38
DA:62,39
DA:63,1
DA:64,1
DA:65,37
DA:66,39
DA:67,0
DA:68,0
DA:69,37
DA:70,37
DA:71,39
DA:72,1
DA:73,1
DA:74,36
DA:75,39
DA:76,0
DA:77,0
DA:78,36
DA:79,39
DA:80,0
DA:81,0
DA:82,36
DA:83,39
DA:84,0
DA:85,0
DA:86,36
DA:87,39
DA:88,1
DA:89,1
DA:90,35
DA:91,39
DA:92,0
DA:93,0
DA:94,35
DA:95,35
DA:96,39
DA:97,2
DA:98,2
DA:99,33
DA:100,39
DA:101,1
DA:102,1
DA:103,32
DA:104,39
DA:105,1
DA:106,1
DA:107,31
DA:108,39
DA:109,2
DA:110,2
DA:111,29
DA:112,29
DA:113,39
DA:114,1
DA:115,1
DA:116,28
DA:117,28
DA:118,28
DA:119,28
DA:120,28
DA:121,28
DA:122,28
DA:123,28
DA:124,28
DA:125,28
DA:126,28
DA:127,39
DA:128,39
DA:129,39
DA:130,39
DA:131,39
DA:132,39
DA:133,39
DA:134,39
DA:135,39
DA:136,39
DA:137,39
DA:138,39
DA:139,3
DA:140,3
DA:141,2
DA:142,2
DA:143,1
DA:144,1
DA:145,39
DA:146,39
DA:147,39
DA:148,39
DA:149,39
DA:150,39
DA:151,39
DA:152,39
DA:153,39
DA:154,39
DA:155,39
DA:156,39
DA:157,2
DA:158,2
DA:159,1
DA:160,1
DA:161,1
DA:162,1
DA:163,39
DA:164,39
DA:165,39
DA:166,39
DA:167,39
DA:168,39
DA:169,39
DA:170,39
DA:171,39
DA:172,39
DA:173,39
DA:174,39
DA:175,2
DA:176,2
DA:177,1
DA:178,1
DA:179,1
DA:180,39
DA:181,39
DA:182,39
DA:183,39
DA:184,39
DA:185,39
DA:186,39
DA:187,39
DA:188,39
DA:189,39
DA:190,39
DA:191,39
DA:192,2
DA:193,2
DA:194,1
DA:195,1
DA:196,1
DA:197,1
DA:198,39
DA:199,39
DA:200,39
DA:201,39
DA:202,39
DA:203,39
DA:204,39
DA:205,39
DA:206,39
DA:207,39
DA:208,39
DA:209,39
DA:210,2
DA:211,2
DA:212,1
DA:213,1
DA:214,1
DA:215,1
DA:216,39
DA:217,39
DA:218,39
DA:219,39
DA:220,39
DA:221,39
DA:222,39
DA:223,39
DA:224,39
DA:225,39
DA:226,39
DA:227,39
DA:228,2
DA:229,2
DA:230,1
DA:231,1
DA:232,1
DA:233,1
DA:234,39
DA:235,39
DA:236,39
DA:237,39
DA:238,39
DA:239,39
DA:240,39
DA:241,39
DA:242,39
DA:243,39
DA:244,39
DA:245,39
DA:246,3
DA:247,3
DA:248,2
DA:249,2
DA:250,1
DA:251,1
DA:252,39
DA:253,39
DA:254,39
DA:255,39
DA:256,39
DA:257,39
DA:258,39
DA:259,39
DA:260,39
DA:261,39
DA:262,39
DA:263,1
DA:264,1
DA:265,0
DA:266,0
DA:267,1
DA:268,1
DA:269,39
DA:270,39
DA:271,39
DA:272,39
DA:273,39
DA:274,39
DA:275,39
DA:276,39
DA:277,39
DA:278,39
DA:279,39
DA:280,39
DA:281,2
DA:282,2
DA:283,1
DA:284,1
DA:285,1
DA:286,1
DA:287,39
DA:288,39
DA:289,39
DA:290,39
DA:291,39
DA:292,39
DA:293,39
DA:294,39
DA:295,39
DA:296,39
DA:297,39
DA:298,2
DA:299,2
DA:300,1
DA:301,1
DA:302,1
DA:303,1
DA:304,39
DA:305,39
DA:306,39
DA:307,39
DA:308,39
DA:309,39
DA:310,0
DA:311,0
DA:312,0
DA:313,0
DA:314,0
DA:315,0
DA:316,0
DA:317,0
DA:318,0
DA:319,0
DA:320,0
DA:321,0
DA:322,0
DA:323,0
DA:324,0
DA:325,0
DA:326,0
DA:327,0
DA:328,0
DA:329,0
DA:330,0
DA:331,0
DA:332,0
DA:333,0
DA:334,0
DA:335,39
LF:335
LH:288
BRDA:7,0,0,39
BRDA:23,1,0,39
BRDA:36,2,0,0
BRDA:40,3,0,0
BRDA:44,4,0,0
BRDA:48,5,0,0
BRDA:53,6,0,1
BRDA:56,7,0,38
BRDA:57,8,0,0
BRDA:60,9,0,38
BRDA:62,10,0,1
BRDA:65,11,0,37
BRDA:66,12,0,0
BRDA:69,13,0,37
BRDA:71,14,0,1
BRDA:74,15,0,36
BRDA:75,16,0,0
BRDA:78,17,0,36
BRDA:79,18,0,0
BRDA:82,19,0,36
BRDA:83,20,0,0
BRDA:86,21,0,36
BRDA:87,22,0,1
BRDA:90,23,0,35
BRDA:91,24,0,0
BRDA:94,25,0,35
BRDA:96,26,0,34
BRDA:96,27,0,2
BRDA:99,28,0,33
BRDA:100,29,0,1
BRDA:103,30,0,32
BRDA:104,31,0,1
BRDA:107,32,0,31
BRDA:108,33,0,29
BRDA:108,34,0,2
BRDA:111,35,0,29
BRDA:113,36,0,28
BRDA:113,37,0,1
BRDA:116,38,0,28
BRDA:132,39,0,9
BRDA:138,40,0,3
BRDA:140,41,0,2
BRDA:140,42,0,2
BRDA:143,43,0,1
BRDA:150,44,0,6
BRDA:156,45,0,2
BRDA:158,46,0,1
BRDA:168,47,0,6
BRDA:174,48,0,2
BRDA:176,49,0,1
BRDA:185,50,0,6
BRDA:191,51,0,2
BRDA:193,52,0,1
BRDA:203,53,0,6
BRDA:209,54,0,2
BRDA:211,55,0,1
BRDA:221,56,0,6
BRDA:227,57,0,2
BRDA:229,58,0,1
BRDA:239,59,0,6
BRDA:245,60,0,3
BRDA:247,61,0,2
BRDA:247,62,0,2
BRDA:250,63,0,1
BRDA:256,64,0,6
BRDA:262,65,0,1
BRDA:264,66,0,0
BRDA:274,67,0,6
BRDA:280,68,0,2
BRDA:282,69,0,1
BRDA:291,70,0,8
BRDA:297,71,0,2
BRDA:299,72,0,1
BRDA:299,73,0,1
BRF:74
BRH:63
end_of_record
TN:
SF:src/funkoApp/enums/funkoFranchise.ts
FNF:0
FNH:0
DA:1,1
DA:2,1
DA:3,1
DA:4,1
DA:5,1
DA:6,1
DA:7,1
DA:8,1
DA:9,1
DA:10,1
DA:11,1
DA:12,1
DA:13,1
DA:14,1
DA:15,1
DA:16,1
LF:16
LH:16
BRDA:1,0,0,1
BRF:1
BRH:1
end_of_record
TN:
SF:src/funkoApp/enums/funkoGenre.ts
FNF:0
FNH:0
DA:1,1
DA:2,1
DA:3,1
DA:4,1
DA:5,1
DA:6,1
DA:7,1
DA:8,1
DA:9,1
DA:10,1
DA:11,1
LF:11
LH:11
BRDA:1,0,0,1
BRF:1
BRH:1
end_of_record
TN:
SF:src/funkoApp/enums/funkoType.ts
FNF:0
FNH:0
DA:1,1
DA:2,1
DA:3,1
DA:4,1
DA:5,1
DA:6,1
DA:7,1
DA:8,1
LF:8
LH:8
BRDA:1,0,0,1
BRF:1
BRH:1
end_of_record
TN:
SF:src/funkoApp/enums/valueRange.ts
FNF:0
FNH:0
DA:1,1
DA:2,1
DA:3,1
DA:4,1
DA:5,1
DA:6,1
LF:6
LH:6
BRDA:1,0,0,1
BRF:1
BRH:1
end_of_record
TN:
SF:src/template_method/filterMapAddReduce.ts
FN:12,FilterMapAddReduce
FN:20,reduce
FN:33,afterInitialisation
FN:42,afterfilter
FN:51,afterMap
FN:60,afterReduce
FNF:6
FNH:6
FNDA:2,FilterMapAddReduce
FNDA:1,reduce
FNDA:1,afterInitialisation
FNDA:1,afterfilter
FNDA:1,afterMap
FNDA:1,afterReduce
DA:1,1
DA:2,1
DA:3,1
DA:4,1
DA:5,1
DA:6,1
DA:7,1
DA:8,1
DA:9,1
DA:10,1
DA:11,1
DA:12,1
DA:13,2
DA:14,2
DA:15,1
DA:16,1
DA:17,1
DA:18,1
DA:19,1
DA:20,1
DA:21,1
DA:22,1
DA:23,2
DA:24,2
DA:25,1
DA:26,1
DA:27,1
DA:28,1
DA:29,1
DA:30,1
DA:31,1
DA:32,1
DA:33,1
DA:34,1
DA:35,1
DA:36,1
DA:37,1
DA:38,1
DA:39,1
DA:40,1
DA:41,1
DA:42,1
DA:43,1
DA:44,1
DA:45,1
DA:46,1
DA:47,1
DA:48,1
DA:49,1
DA:50,1
DA:51,1
DA:52,1
DA:53,1
DA:54,1
DA:55,1
DA:56,1
DA:57,1
DA:58,1
DA:59,1
DA:60,1
DA:61,1
DA:62,1
DA:63,1
DA:64,1
LF:64
LH:64
BRDA:12,0,0,2
BRDA:20,1,0,1
BRDA:22,2,0,2
BRDA:33,3,0,1
BRDA:42,4,0,1
BRDA:51,5,0,1
BRDA:60,6,0,1
BRF:7
BRH:7
end_of_record
TN:
SF:src/template_method/filterMapReduce.ts
FN:5,<instance_members_initializer>
FN:14,FilterMapReduce
FN:22,setlist
FN:30,run
FN:53,filter
FN:53,filterFunction
FN:69,Map
FN:69,callback
FN:86,afterInitialisation
FN:87,afterfilter
FN:88,afterMap
FN:89,afterReduce
FNF:12
FNH:8
FNDA:4,<instance_members_initializer>
FNDA:4,FilterMapReduce
FNDA:6,setlist
FNDA:2,run
FNDA:2,filter
FNDA:10,filterFunction
FNDA:2,Map
FNDA:4,callback
FNDA:0,afterInitialisation
FNDA:0,afterfilter
FNDA:0,afterMap
FNDA:0,afterReduce
DA:1,1
DA:2,1
DA:3,1
DA:4,1
DA:5,1
DA:6,4
DA:7,4
DA:8,4
DA:9,4
DA:10,4
DA:11,4
DA:12,4
DA:13,4
DA:14,4
DA:15,4
DA:16,4
DA:17,4
DA:18,4
DA:19,4
DA:20,4
DA:21,4
DA:22,4
DA:23,6
DA:24,6
DA:25,4
DA:26,4
DA:27,4
DA:28,4
DA:29,4
DA:30,4
DA:31,2
DA:32,2
DA:33,2
DA:34,2
DA:35,2
DA:36,2
DA:37,2
DA:38,2
DA:39,2
DA:40,2
DA:41,2
DA:42,2
DA:43,2
DA:44,2
DA:45,2
DA:46,2
DA:47,4
DA:48,4
DA:49,4
DA:50,4
DA:51,4
DA:52,4
DA:53,4
DA:54,2
DA:55,2
DA:56,10
DA:57,4
DA:58,4
DA:59,10
DA:60,2
DA:61,2
DA:62,2
DA:63,4
DA:64,4
DA:65,4
DA:66,4
DA:67,4
DA:68,4
DA:69,4
DA:70,2
DA:71,2
DA:72,4
DA:73,4
DA:74,2
DA:75,2
DA:76,2
DA:77,4
DA:78,4
DA:79,4
DA:80,4
DA:81,4
DA:82,4
DA:83,4
DA:84,4
DA:85,4
DA:86,4
DA:87,4
DA:88,4
DA:89,4
DA:90,4
LF:90
LH:90
BRDA:5,0,0,4
BRDA:14,1,0,4
BRDA:22,2,0,6
BRDA:30,3,0,2
BRDA:53,4,0,2
BRDA:55,5,0,10
BRDA:56,6,0,4
BRDA:53,7,0,10
BRDA:69,8,0,2
BRDA:71,9,0,4
BRDA:69,10,0,4
BRF:11
BRH:11
end_of_record
TN:
SF:src/template_method/filterMapSubReduce.ts
FN:4,FilterMapSubReduce
FN:8,reduce
FN:17,afterInitialisation
FN:21,afterfilter
FN:25,afterMap
FN:29,afterReduce
FNF:6
FNH:6
FNDA:2,FilterMapSubReduce
FNDA:1,reduce
FNDA:1,afterInitialisation
FNDA:1,afterfilter
FNDA:1,afterMap
FNDA:1,afterReduce
DA:1,1
DA:2,1
DA:3,1
DA:4,1
DA:5,2
DA:6,2
DA:7,1
DA:8,1
DA:9,1
DA:10,1
DA:11,2
DA:12,2
DA:13,1
DA:14,1
DA:15,1
DA:16,1
DA:17,1
DA:18,1
DA:19,1
DA:20,1
DA:21,1
DA:22,1
DA:23,1
DA:24,1
DA:25,1
DA:26,1
DA:27,1
DA:28,1
DA:29,1
DA:30,1
DA:31,1
DA:32,1
LF:32
LH:32
BRDA:4,0,0,2
BRDA:8,1,0,1
BRDA:10,2,0,2
BRDA:17,3,0,1
BRDA:21,4,0,1
BRDA:25,5,0,1
BRDA:29,6,0,1
BRF:7
BRH:7
end_of_record
